This is pdfTeX, Version 3.141592653-2.6-1.40.26 (MiKTeX 24.4) (preloaded format=pdflatex 2024.9.2)  8 DEC 2024 17:23
entering extended mode
 restricted \write18 enabled.
 %&-line parsing enabled.
**./main.tex
(main.tex
LaTeX2e <2024-06-01> patch level 2
L3 programming layer <2024-08-16>
(C:\Users\carli\AppData\Local\Programs\MiKTeX\tex/latex/base\article.cls
Document Class: article 2024/02/08 v1.4n Standard LaTeX document class
(C:\Users\carli\AppData\Local\Programs\MiKTeX\tex/latex/base\size10.clo
File: size10.clo 2024/02/08 v1.4n Standard LaTeX file (size option)
)
\c@part=\count194
\c@section=\count195
\c@subsection=\count196
\c@subsubsection=\count197
\c@paragraph=\count198
\c@subparagraph=\count199
\c@figure=\count266
\c@table=\count267
\abovecaptionskip=\skip49
\belowcaptionskip=\skip50
\bibindent=\dimen141
)
(C:\Users\carli\AppData\Local\Programs\MiKTeX\tex/latex/amsmath\amsmath.sty
Package: amsmath 2024/05/23 v2.17q AMS math features
\@mathmargin=\skip51

For additional information on amsmath, use the `?' option.
(C:\Users\carli\AppData\Local\Programs\MiKTeX\tex/latex/amsmath\amstext.sty
Package: amstext 2021/08/26 v2.01 AMS text

(C:\Users\carli\AppData\Local\Programs\MiKTeX\tex/latex/amsmath\amsgen.sty
File: amsgen.sty 1999/11/30 v2.0 generic functions
\@emptytoks=\toks17
\ex@=\dimen142
))
(C:\Users\carli\AppData\Local\Programs\MiKTeX\tex/latex/amsmath\amsbsy.sty
Package: amsbsy 1999/11/29 v1.2d Bold Symbols
\pmbraise@=\dimen143
)
(C:\Users\carli\AppData\Local\Programs\MiKTeX\tex/latex/amsmath\amsopn.sty
Package: amsopn 2022/04/08 v2.04 operator names
)
\inf@bad=\count268
LaTeX Info: Redefining \frac on input line 233.
\uproot@=\count269
\leftroot@=\count270
LaTeX Info: Redefining \overline on input line 398.
LaTeX Info: Redefining \colon on input line 409.
\classnum@=\count271
\DOTSCASE@=\count272
LaTeX Info: Redefining \ldots on input line 495.
LaTeX Info: Redefining \dots on input line 498.
LaTeX Info: Redefining \cdots on input line 619.
\Mathstrutbox@=\box52
\strutbox@=\box53
LaTeX Info: Redefining \big on input line 721.
LaTeX Info: Redefining \Big on input line 722.
LaTeX Info: Redefining \bigg on input line 723.
LaTeX Info: Redefining \Bigg on input line 724.
\big@size=\dimen144
LaTeX Font Info:    Redeclaring font encoding OML on input line 742.
LaTeX Font Info:    Redeclaring font encoding OMS on input line 743.
\macc@depth=\count273
LaTeX Info: Redefining \bmod on input line 904.
LaTeX Info: Redefining \pmod on input line 909.
LaTeX Info: Redefining \smash on input line 939.
LaTeX Info: Redefining \relbar on input line 969.
LaTeX Info: Redefining \Relbar on input line 970.
\c@MaxMatrixCols=\count274
\dotsspace@=\muskip17
\c@parentequation=\count275
\dspbrk@lvl=\count276
\tag@help=\toks18
\row@=\count277
\column@=\count278
\maxfields@=\count279
\andhelp@=\toks19
\eqnshift@=\dimen145
\alignsep@=\dimen146
\tagshift@=\dimen147
\tagwidth@=\dimen148
\totwidth@=\dimen149
\lineht@=\dimen150
\@envbody=\toks20
\multlinegap=\skip52
\multlinetaggap=\skip53
\mathdisplay@stack=\toks21
LaTeX Info: Redefining \[ on input line 2953.
LaTeX Info: Redefining \] on input line 2954.
)
(C:\Users\carli\AppData\Local\Programs\MiKTeX\tex/latex/graphics\graphicx.sty
Package: graphicx 2021/09/16 v1.2d Enhanced LaTeX Graphics (DPC,SPQR)

(C:\Users\carli\AppData\Local\Programs\MiKTeX\tex/latex/graphics\keyval.sty
Package: keyval 2022/05/29 v1.15 key=value parser (DPC)
\KV@toks@=\toks22
)
(C:\Users\carli\AppData\Local\Programs\MiKTeX\tex/latex/graphics\graphics.sty
Package: graphics 2024/05/23 v1.4g Standard LaTeX Graphics (DPC,SPQR)

(C:\Users\carli\AppData\Local\Programs\MiKTeX\tex/latex/graphics\trig.sty
Package: trig 2023/12/02 v1.11 sin cos tan (DPC)
)
(C:\Users\carli\AppData\Local\Programs\MiKTeX\tex/latex/graphics-cfg\graphics.c
fg
File: graphics.cfg 2016/06/04 v1.11 sample graphics configuration
)
Package graphics Info: Driver file: pdftex.def on input line 106.

(C:\Users\carli\AppData\Local\Programs\MiKTeX\tex/latex/graphics-def\pdftex.def
File: pdftex.def 2024/04/13 v1.2c Graphics/color driver for pdftex
))
\Gin@req@height=\dimen151
\Gin@req@width=\dimen152
) (C:\Users\carli\AppData\Local\Programs\MiKTeX\tex/latex/apacite\apacite.sty
Package: apacite 2013/07/21 v6.03 APA citation
\c@BibCnt=\count280
\bibleftmargin=\skip54
\bibindent=\skip55
\bibparsep=\skip56
\bibitemsep=\skip57
\biblabelsep=\skip58
)
(C:\Users\carli\AppData\Local\Programs\MiKTeX\tex/latex/l3backend\l3backend-pdf
tex.def
File: l3backend-pdftex.def 2024-05-08 L3 backend support: PDF output (pdfTeX)
\l__color_backend_stack_int=\count281
\l__pdf_internal_box=\box54
) (main.aux)
\openout1 = `main.aux'.

LaTeX Font Info:    Checking defaults for OML/cmm/m/it on input line 23.
LaTeX Font Info:    ... okay on input line 23.
LaTeX Font Info:    Checking defaults for OMS/cmsy/m/n on input line 23.
LaTeX Font Info:    ... okay on input line 23.
LaTeX Font Info:    Checking defaults for OT1/cmr/m/n on input line 23.
LaTeX Font Info:    ... okay on input line 23.
LaTeX Font Info:    Checking defaults for T1/cmr/m/n on input line 23.
LaTeX Font Info:    ... okay on input line 23.
LaTeX Font Info:    Checking defaults for TS1/cmr/m/n on input line 23.
LaTeX Font Info:    ... okay on input line 23.
LaTeX Font Info:    Checking defaults for OMX/cmex/m/n on input line 23.
LaTeX Font Info:    ... okay on input line 23.
LaTeX Font Info:    Checking defaults for U/cmr/m/n on input line 23.
LaTeX Font Info:    ... okay on input line 23.

(C:\Users\carli\AppData\Local\Programs\MiKTeX\tex/context/base/mkii\supp-pdf.mk
ii
[Loading MPS to PDF converter (version 2006.09.02).]
\scratchcounter=\count282
\scratchdimen=\dimen153
\scratchbox=\box55
\nofMPsegments=\count283
\nofMParguments=\count284
\everyMPshowfont=\toks23
\MPscratchCnt=\count285
\MPscratchDim=\dimen154
\MPnumerator=\count286
\makeMPintoPDFobject=\count287
\everyMPtoPDFconversion=\toks24
)
(C:\Users\carli\AppData\Local\Programs\MiKTeX\tex/latex/epstopdf-pkg\epstopdf-b
ase.sty
Package: epstopdf-base 2020-01-24 v2.11 Base part for package epstopdf
Package epstopdf-base Info: Redefining graphics rule for `.eps' on input line 4
85.

(C:\Users\carli\AppData\Local\Programs\MiKTeX\tex/latex/00miktex\epstopdf-sys.c
fg
File: epstopdf-sys.cfg 2021/03/18 v2.0 Configuration of epstopdf for MiKTeX
))
\c@maskedRefs=\count288

(C:\Users\carli\AppData\Local\Programs\MiKTeX\tex/latex/apacite\english.apc
File: english.apc 2013/07/21 v6.03 apacite language file
LaTeX Info: Redefining \BPBI on input line 129.
LaTeX Info: Redefining \BHBI on input line 130.
)

[1

{C:/Users/carli/AppData/Local/MiKTeX/fonts/map/pdftex/pdftex.map}]

[2]
<image/Model Diagram.png, id=14, 686.565pt x 287.3937pt>
File: image/Model Diagram.png Graphic file (type png)
<use image/Model Diagram.png>
Package pdftex.def Info: image/Model Diagram.png  used on input line 61.
(pdftex.def)             Requested size: 345.0pt x 144.41566pt.

Underfull \hbox (badness 10000) in paragraph at lines 70--74

 []



[3 <./image/Model Diagram.png>]

[4]

[5]

[6]
<image/knn plot.png, id=30, 859.2903pt x 426.393pt>
File: image/knn plot.png Graphic file (type png)
<use image/knn plot.png>
Package pdftex.def Info: image/knn plot.png  used on input line 153.
(pdftex.def)             Requested size: 345.0pt x 171.19179pt.


[7 <./image/knn plot.png>]
<image/svr plot.png, id=37, 859.2903pt x 426.393pt>
File: image/svr plot.png Graphic file (type png)
<use image/svr plot.png>
Package pdftex.def Info: image/svr plot.png  used on input line 164.
(pdftex.def)             Requested size: 345.0pt x 171.19179pt.
<image/Ann plot.png, id=38, 859.2903pt x 426.393pt>
File: image/Ann plot.png Graphic file (type png)
<use image/Ann plot.png>
Package pdftex.def Info: image/Ann plot.png  used on input line 175.
(pdftex.def)             Requested size: 345.0pt x 171.19179pt.


LaTeX Warning: `!h' float specifier changed to `!ht'.



[8 <./image/svr plot.png>]
<image/XGBoost plot.png, id=43, 859.2903pt x 426.393pt>
File: image/XGBoost plot.png Graphic file (type png)
<use image/XGBoost plot.png>
Package pdftex.def Info: image/XGBoost plot.png  used on input line 187.
(pdftex.def)             Requested size: 345.0pt x 171.19179pt.


[9 <./image/Ann plot.png> <./image/XGBoost plot.png>]
Overfull \hbox (0.58282pt too wide) in paragraph at lines 195--196
\OT1/cmr/m/n/10 The Lin-ear Re-gres-sion model achieved a Mean Ab-so-lute Er-ro
r (MAE) of 16.3724,
 []

<image/Linear Regression plot.png, id=49, 859.2903pt x 426.393pt>
File: image/Linear Regression plot.png Graphic file (type png)
<use image/Linear Regression plot.png>
Package pdftex.def Info: image/Linear Regression plot.png  used on input line 1
99.
(pdftex.def)             Requested size: 345.0pt x 171.19179pt.


[10 <./image/Linear Regression plot.png>]
<image/Random Forest plot.png, id=54, 859.2903pt x 426.393pt>
File: image/Random Forest plot.png Graphic file (type png)
<use image/Random Forest plot.png>
Package pdftex.def Info: image/Random Forest plot.png  used on input line 212.
(pdftex.def)             Requested size: 345.0pt x 171.19179pt.
<image/All model plot.png, id=55, 1076.1003pt x 570.933pt>
File: image/All model plot.png Graphic file (type png)
<use image/All model plot.png>
Package pdftex.def Info: image/All model plot.png  used on input line 221.
(pdftex.def)             Requested size: 345.0pt x 183.04204pt.


[11 <./image/Random Forest plot.png> <./image/All model plot.png>] (main.bbl
Underfull \hbox (badness 8189) in paragraph at lines 14--27
[]\OT1/cmr/m/n/10 Bosano, R.  (2023).  \OT1/cmr/m/it/10 Who: Ph most af-fected 
by dengue in
 []


Underfull \hbox (badness 10000) in paragraph at lines 14--27
\OT1/cmr/m/it/10 west-ern pa-cific.  \OT1/cmr/m/n/10 Re-trieved Use the date of
 ac-cess, from
 []


Overfull \hbox (168.24577pt too wide) in paragraph at lines 14--27
\OT1/cmtt/m/n/10 https://news.abs-cbn.com/spotlight/12/22/23/who-ph-most-affect
ed-by-dengue-in-western-pacific
 []


Underfull \hbox (badness 10000) in paragraph at lines 14--27

 []


Overfull \hbox (47.49683pt too wide) in paragraph at lines 147--159
\OT1/cmtt/m/n/10 https://www.who.int/emergencies/disease-outbreak-news/item/202
3-DON498
 []


Underfull \hbox (badness 10000) in paragraph at lines 147--159

 []



[12]
Overfull \hbox (63.24669pt too wide) in paragraph at lines 171--183
\OT1/cmtt/m/n/10 https://www.who.int/news-room/fact-sheets/detail/dengue-and-se
vere-dengue
 []


Underfull \hbox (badness 10000) in paragraph at lines 171--183

 []

)

[13] (main.aux)
 ***********
LaTeX2e <2024-06-01> patch level 2
L3 programming layer <2024-08-16>
 ***********
 ) 
Here is how much of TeX's memory you used:
 2588 strings out of 473899
 39833 string characters out of 5726501
 1934960 words of memory out of 5000000
 25463 multiletter control sequences out of 15000+600000
 565574 words of font info for 62 fonts, out of 8000000 for 9000
 1141 hyphenation exceptions out of 8191
 57i,8n,65p,1261b,238s stack positions out of 10000i,1000n,20000p,200000b,200000s
 <C:\Users\carli\AppData\Local\MiKTeX\fonts/pk/ljfour/jknappen/ec/dpi600\tcrm
1000.pk><C:/Users/carli/AppData/Local/Programs/MiKTeX/fonts/type1/public/amsfon
ts/cm/cmbx10.pfb><C:/Users/carli/AppData/Local/Programs/MiKTeX/fonts/type1/publ
ic/amsfonts/cm/cmbx12.pfb><C:/Users/carli/AppData/Local/Programs/MiKTeX/fonts/t
ype1/public/amsfonts/cm/cmbx9.pfb><C:/Users/carli/AppData/Local/Programs/MiKTeX
/fonts/type1/public/amsfonts/cm/cmbxti10.pfb><C:/Users/carli/AppData/Local/Prog
rams/MiKTeX/fonts/type1/public/amsfonts/cm/cmr10.pfb><C:/Users/carli/AppData/Lo
cal/Programs/MiKTeX/fonts/type1/public/amsfonts/cm/cmr12.pfb><C:/Users/carli/Ap
pData/Local/Programs/MiKTeX/fonts/type1/public/amsfonts/cm/cmr9.pfb><C:/Users/c
arli/AppData/Local/Programs/MiKTeX/fonts/type1/public/amsfonts/cm/cmti10.pfb><C
:/Users/carli/AppData/Local/Programs/MiKTeX/fonts/type1/public/amsfonts/cm/cmtt
10.pfb>
Output written on main.pdf (13 pages, 669389 bytes).
PDF statistics:
 112 PDF objects out of 1000 (max. 8388607)
 0 named destinations out of 1000 (max. 500000)
 41 words of extra memory for PDF output out of 10000 (max. 10000000)

